<?xml version="1.0" encoding="UTF-8"?>
<testsuite xmlns:xsi="http://www.w3.org/2001/XMLSchema-instance" xsi:noNamespaceSchemaLocation="https://maven.apache.org/surefire/maven-surefire-plugin/xsd/surefire-test-report-3.0.xsd" version="3.0" name="com.dao.DAO4Test" time="0.0" tests="9" errors="0" skipped="0" failures="0">
  <properties>
[...]
</properties>
  <testcase name="testDeleteCart2" classname="com.dao.DAO4Test" time="0.0"/>
  <testcase name="testCheckCart2" classname="com.dao.DAO4Test" time="0.0"/>
  <testcase name="testUpdateOrderDetails" classname="com.dao.DAO4Test" time="0.0"/>
  <testcase name="testAddOrderDetails" classname="com.dao.DAO4Test" time="0.0"/>
  <testcase name="testAddOrders" classname="com.dao.DAO4Test" time="0.0"/>
  <testcase name="testDeleteCart" classname="com.dao.DAO4Test" time="0.0"/>
  <testcase name="testCheckCart" classname="com.dao.DAO4Test" time="0.0"/>
  <testcase name="testUpdateOrderDetails2" classname="com.dao.DAO4Test" time="0.0"/>
  <testcase name="testAddOrderDetails2" classname="com.dao.DAO4Test" time="0.0"/>
</testsuite>